[Sat Aug 20 10:56:00.287908 2022] [:notice] [pid 10169] FastCGI: process manager initialized (pid 10169)
[Sat Aug 20 10:56:00.301131 2022] [mpm_prefork:notice] [pid 10160] AH00163: Apache/2.4.46 (Unix) OpenSSL/1.0.2u PHP/7.4.21 mod_wsgi/3.5 Python/2.7.13 mod_fastcgi/mod_fastcgi-SNAP-0910052141 mod_perl/2.0.11 Perl/v5.30.1 configured -- resuming normal operations
[Sat Aug 20 10:56:00.301489 2022] [core:notice] [pid 10160] AH00094: Command line: '/Applications/MAMP/Library/bin/httpd'
[Sat Aug 20 18:13:28.541386 2022] [mpm_prefork:notice] [pid 10160] AH00169: caught SIGTERM, shutting down
[Sat Aug 20 18:13:35.574635 2022] [:notice] [pid 21962] FastCGI: process manager initialized (pid 21962)
[Sat Aug 20 18:13:35.586603 2022] [mpm_prefork:notice] [pid 21960] AH00163: Apache/2.4.46 (Unix) OpenSSL/1.0.2u PHP/7.4.21 mod_wsgi/3.5 Python/2.7.13 mod_fastcgi/mod_fastcgi-SNAP-0910052141 mod_perl/2.0.11 Perl/v5.30.1 configured -- resuming normal operations
[Sat Aug 20 18:13:35.587055 2022] [core:notice] [pid 21960] AH00094: Command line: '/Applications/MAMP/Library/bin/httpd'
[Sun Aug 21 22:59:06.888103 2022] [php7:error] [pid 21964] [client ::1:54368] script '/Applications/MAMP/htdocs/lesson22.php' not found or unable to stat
[Mon Aug 22 14:22:01.928819 2022] [authz_core:error] [pid 21968] [client ::1:54599] AH01630: client denied by server configuration: /Applications/MAMP/htdocs/lesson01/.DS_Store
[Mon Aug 22 14:34:06.589884 2022] [authz_core:error] [pid 21978] [client ::1:54644] AH01630: client denied by server configuration: /Applications/MAMP/htdocs/lesson01/.DS_Store
[Mon Aug 22 14:34:09.847318 2022] [php7:error] [pid 21978] [client ::1:54644] script '/Applications/MAMP/htdocs/lesson01/sample26/page02.php' not found or unable to stat, referer: http://localhost:8888/lesson01/sample26/
[Mon Aug 22 14:52:14.011892 2022] [authz_core:error] [pid 21964] [client ::1:58092] AH01630: client denied by server configuration: /Applications/MAMP/htdocs/lesson01/.DS_Store
[Mon Aug 22 14:59:28.015056 2022] [authz_core:error] [pid 21963] [client ::1:59854] AH01630: client denied by server configuration: /Applications/MAMP/htdocs/lesson01/.DS_Store
[Mon Aug 22 15:52:11.905550 2022] [authz_core:error] [pid 21982] [client ::1:59973] AH01630: client denied by server configuration: /Applications/MAMP/htdocs/lesson01/.DS_Store
[Mon Aug 22 16:03:01.515347 2022] [authz_core:error] [pid 21968] [client ::1:60009] AH01630: client denied by server configuration: /Applications/MAMP/htdocs/lesson01/.DS_Store
[Thu Sep 01 14:22:39.363833 2022] [mpm_prefork:notice] [pid 21960] AH00169: caught SIGTERM, shutting down
[Thu Sep 01 16:40:20.475629 2022] [:notice] [pid 1482] FastCGI: process manager initialized (pid 1482)
[Thu Sep 01 16:40:20.483699 2022] [mpm_prefork:notice] [pid 1477] AH00163: Apache/2.4.46 (Unix) OpenSSL/1.0.2u PHP/7.4.21 mod_wsgi/3.5 Python/2.7.13 mod_fastcgi/mod_fastcgi-SNAP-0910052141 mod_perl/2.0.11 Perl/v5.30.1 configured -- resuming normal operations
[Thu Sep 01 16:40:20.483911 2022] [core:notice] [pid 1477] AH00094: Command line: '/Applications/MAMP/Library/bin/httpd'
[Tue Sep 13 16:21:12.431966 2022] [mpm_prefork:notice] [pid 1477] AH00169: caught SIGTERM, shutting down
[Wed Sep 14 21:37:35.202729 2022] [:notice] [pid 10415] FastCGI: process manager initialized (pid 10415)
[Wed Sep 14 21:37:35.211175 2022] [mpm_prefork:notice] [pid 10411] AH00163: Apache/2.4.46 (Unix) OpenSSL/1.0.2u PHP/7.4.21 mod_wsgi/3.5 Python/2.7.13 mod_fastcgi/mod_fastcgi-SNAP-0910052141 mod_perl/2.0.11 Perl/v5.30.1 configured -- resuming normal operations
[Wed Sep 14 21:37:35.211374 2022] [core:notice] [pid 10411] AH00094: Command line: '/Applications/MAMP/Library/bin/httpd'
[Thu Sep 15 13:46:14.983606 2022] [authz_core:error] [pid 10439] [client ::1:52507] AH01630: client denied by server configuration: /Applications/MAMP/htdocs/lesson01/.DS_Store
[Thu Sep 15 14:53:19.733121 2022] [authz_core:error] [pid 10431] [client ::1:52943] AH01630: client denied by server configuration: /Applications/MAMP/htdocs/lesson01/.DS_Store
[Thu Sep 15 23:22:09.347874 2022] [authz_core:error] [pid 10418] [client ::1:54016] AH01630: client denied by server configuration: /Applications/MAMP/htdocs/lesson01/.DS_Store
[Fri Sep 16 14:20:53.485384 2022] [authz_core:error] [pid 10419] [client ::1:55758] AH01630: client denied by server configuration: /Applications/MAMP/htdocs/lesson01/.DS_Store
[Fri Sep 16 14:22:06.407170 2022] [authz_core:error] [pid 10437] [client ::1:55766] AH01630: client denied by server configuration: /Applications/MAMP/htdocs/lesson01/.DS_Store
[Wed Sep 21 14:23:34.444998 2022] [mpm_prefork:notice] [pid 10411] AH00169: caught SIGTERM, shutting down
[Wed Sep 21 14:23:39.900114 2022] [:notice] [pid 5536] FastCGI: process manager initialized (pid 5536)
[Wed Sep 21 14:23:39.910477 2022] [mpm_prefork:notice] [pid 5532] AH00163: Apache/2.4.46 (Unix) OpenSSL/1.0.2u PHP/7.4.21 mod_wsgi/3.5 Python/2.7.13 mod_fastcgi/mod_fastcgi-SNAP-0910052141 mod_perl/2.0.11 Perl/v5.30.1 configured -- resuming normal operations
[Wed Sep 21 14:23:39.910691 2022] [core:notice] [pid 5532] AH00094: Command line: '/Applications/MAMP/Library/bin/httpd'
[Mon Sep 26 22:16:12.355308 2022] [php7:error] [pid 80302] [client ::1:63056] script '/Applications/MAMP/htdocs/memo02/index.php' not found or unable to stat, referer: http://localhost:8888/memo02/input_do.php
[Tue Sep 27 22:45:14.682930 2022] [php7:error] [pid 5539] [client ::1:64363] script '/Applications/MAMP/htdocs/memo02/memo.php' not found or unable to stat, referer: http://localhost:8888/memo02/index.php
[Tue Sep 27 23:59:42.821225 2022] [php7:error] [pid 93132] [client ::1:65003] script '/Applications/MAMP/htdocs/memo02/memo.php' not found or unable to stat, referer: http://localhost:8888/memo02/index.php?page=3
[Tue Sep 27 23:59:47.678480 2022] [php7:error] [pid 93132] [client ::1:65003] script '/Applications/MAMP/htdocs/memo02/memo.php' not found or unable to stat, referer: http://localhost:8888/memo02/index.php?page=2
[Tue Sep 27 23:59:51.477202 2022] [php7:error] [pid 93132] [client ::1:65003] script '/Applications/MAMP/htdocs/memo02/memo.php' not found or unable to stat, referer: http://localhost:8888/memo02/index.php?page=2
[Wed Sep 28 11:25:01.440358 2022] [php7:error] [pid 5671] [client ::1:49209] script '/Applications/MAMP/htdocs/memo02/update_do.php' not found or unable to stat, referer: http://localhost:8888/memo02/memo.php?=11
